<?xml version="1.0" encoding="UTF-8"?>
<testng-results skipped="0" failed="1" ignored="0" total="5" passed="4">
  <reporter-output>
  </reporter-output>
  <suite name="Default suite" duration-ms="427528" started-at="2021-01-24T18:24:32 IST" finished-at="2021-01-24T18:31:39 IST">
    <groups>
    </groups>
    <test name="Default test" duration-ms="427528" started-at="2021-01-24T18:24:32 IST" finished-at="2021-01-24T18:31:39 IST">
      <class name="AutomationFramework.TestDemo">
        <test-method status="PASS" signature="reportSetup()[pri:0, instance:AutomationFramework.TestDemo@15d0c81b]" name="reportSetup" is-config="true" duration-ms="661" started-at="2021-01-24T18:24:31 IST" finished-at="2021-01-24T18:24:32 IST">
          <reporter-output>
          </reporter-output>
        </test-method> <!-- reportSetup -->
        <test-method status="PASS" signature="DemoProject(java.lang.String, java.lang.String)[pri:0, instance:AutomationFramework.TestDemo@15d0c81b]" name="DemoProject" duration-ms="112748" started-at="2021-01-24T18:24:33 IST" data-provider="testdata" finished-at="2021-01-24T18:26:26 IST">
          <params>
            <param index="0">
              <value>
                <![CDATA[abc@gmail.com]]>
              </value>
            </param>
            <param index="1">
              <value>
                <![CDATA[abcd345]]>
              </value>
            </param>
          </params>
          <reporter-output>
          </reporter-output>
        </test-method> <!-- DemoProject -->
        <test-method status="PASS" signature="ProgramTermination()[pri:0, instance:AutomationFramework.TestDemo@15d0c81b]" name="ProgramTermination" is-config="true" duration-ms="958" started-at="2021-01-24T18:26:26 IST" finished-at="2021-01-24T18:26:27 IST">
          <reporter-output>
          </reporter-output>
        </test-method> <!-- ProgramTermination -->
        <test-method status="PASS" signature="DemoProject(java.lang.String, java.lang.String)[pri:0, instance:AutomationFramework.TestDemo@15d0c81b]" name="DemoProject" duration-ms="80824" started-at="2021-01-24T18:26:27 IST" data-provider="testdata" finished-at="2021-01-24T18:27:48 IST">
          <params>
            <param index="0">
              <value>
                <![CDATA[xyz@gmail.com]]>
              </value>
            </param>
            <param index="1">
              <value>
                <![CDATA[xyz7654]]>
              </value>
            </param>
          </params>
          <reporter-output>
          </reporter-output>
        </test-method> <!-- DemoProject -->
        <test-method status="PASS" signature="ProgramTermination()[pri:0, instance:AutomationFramework.TestDemo@15d0c81b]" name="ProgramTermination" is-config="true" duration-ms="588" started-at="2021-01-24T18:27:48 IST" finished-at="2021-01-24T18:27:49 IST">
          <reporter-output>
          </reporter-output>
        </test-method> <!-- ProgramTermination -->
        <test-method status="FAIL" signature="DemoProject(java.lang.String, java.lang.String)[pri:0, instance:AutomationFramework.TestDemo@15d0c81b]" name="DemoProject" duration-ms="94715" started-at="2021-01-24T18:27:49 IST" data-provider="testdata" finished-at="2021-01-24T18:29:23 IST">
          <params>
            <param index="0">
              <value>
                <![CDATA[ayanmaity14@gmail.com]]>
              </value>
            </param>
            <param index="1">
              <value>
                <![CDATA[ayan141414]]>
              </value>
            </param>
          </params>
          <exception class="org.openqa.selenium.WebDriverException">
            <message>
              <![CDATA[unknown error: failed to close window in 20 seconds
  (Session info: chrome=88.0.4324.104)
  (Driver info: chromedriver=2.38.552522 (437e6fbedfa8762dec75e2c5b3ddb86763dc9dcb),platform=Windows NT 10.0.18363 x86_64) (WARNING: The server did not provide any stacktrace information)
Command duration or timeout: 0 milliseconds
Build info: version: '3.141.59', revision: 'e82be7d358', time: '2018-11-14T08:17:03'
System info: host: 'LAPTOP-NQ1H139V', ip: '192.168.43.93', os.name: 'Windows 10', os.arch: 'amd64', os.version: '10.0', java.version: '1.8.0_202'
Driver info: org.openqa.selenium.chrome.ChromeDriver
Capabilities {acceptInsecureCerts: false, acceptSslCerts: false, applicationCacheEnabled: false, browserConnectionEnabled: false, browserName: chrome, chrome: {chromedriverVersion: 2.38.552522 (437e6fbedfa876..., userDataDir: C:\Users\AYANMA~1\AppData\L...}, cssSelectorsEnabled: true, databaseEnabled: false, handlesAlerts: true, hasTouchScreen: false, javascriptEnabled: true, locationContextEnabled: true, mobileEmulationEnabled: false, nativeEvents: true, networkConnectionEnabled: false, pageLoadStrategy: normal, platform: XP, platformName: XP, rotatable: false, setWindowRect: true, takesHeapSnapshot: true, takesScreenshot: true, unexpectedAlertBehaviour: , unhandledPromptBehavior: , version: 88.0.4324.104, webStorageEnabled: true}
Session ID: e5e8e9b881ef34bf9438313e1e5541cd]]>
            </message>
            <full-stacktrace>
              <![CDATA[org.openqa.selenium.WebDriverException: unknown error: failed to close window in 20 seconds
  (Session info: chrome=88.0.4324.104)
  (Driver info: chromedriver=2.38.552522 (437e6fbedfa8762dec75e2c5b3ddb86763dc9dcb),platform=Windows NT 10.0.18363 x86_64) (WARNING: The server did not provide any stacktrace information)
Command duration or timeout: 0 milliseconds
Build info: version: '3.141.59', revision: 'e82be7d358', time: '2018-11-14T08:17:03'
System info: host: 'LAPTOP-NQ1H139V', ip: '192.168.43.93', os.name: 'Windows 10', os.arch: 'amd64', os.version: '10.0', java.version: '1.8.0_202'
Driver info: org.openqa.selenium.chrome.ChromeDriver
Capabilities {acceptInsecureCerts: false, acceptSslCerts: false, applicationCacheEnabled: false, browserConnectionEnabled: false, browserName: chrome, chrome: {chromedriverVersion: 2.38.552522 (437e6fbedfa876..., userDataDir: C:\Users\AYANMA~1\AppData\L...}, cssSelectorsEnabled: true, databaseEnabled: false, handlesAlerts: true, hasTouchScreen: false, javascriptEnabled: true, locationContextEnabled: true, mobileEmulationEnabled: false, nativeEvents: true, networkConnectionEnabled: false, pageLoadStrategy: normal, platform: XP, platformName: XP, rotatable: false, setWindowRect: true, takesHeapSnapshot: true, takesScreenshot: true, unexpectedAlertBehaviour: , unhandledPromptBehavior: , version: 88.0.4324.104, webStorageEnabled: true}
Session ID: e5e8e9b881ef34bf9438313e1e5541cd
at sun.reflect.NativeConstructorAccessorImpl.newInstance0(Native Method)
at sun.reflect.NativeConstructorAccessorImpl.newInstance(Unknown Source)
at sun.reflect.DelegatingConstructorAccessorImpl.newInstance(Unknown Source)
at java.lang.reflect.Constructor.newInstance(Unknown Source)
at org.openqa.selenium.remote.ErrorHandler.createThrowable(ErrorHandler.java:214)
at org.openqa.selenium.remote.ErrorHandler.throwIfResponseFailed(ErrorHandler.java:166)
at org.openqa.selenium.remote.http.JsonHttpResponseCodec.reconstructValue(JsonHttpResponseCodec.java:40)
at org.openqa.selenium.remote.http.AbstractHttpResponseCodec.decode(AbstractHttpResponseCodec.java:80)
at org.openqa.selenium.remote.http.AbstractHttpResponseCodec.decode(AbstractHttpResponseCodec.java:44)
at org.openqa.selenium.remote.HttpCommandExecutor.execute(HttpCommandExecutor.java:158)
at org.openqa.selenium.remote.service.DriverCommandExecutor.execute(DriverCommandExecutor.java:83)
at org.openqa.selenium.remote.RemoteWebDriver.execute(RemoteWebDriver.java:552)
at org.openqa.selenium.remote.RemoteWebDriver.execute(RemoteWebDriver.java:609)
at org.openqa.selenium.remote.RemoteWebDriver.close(RemoteWebDriver.java:442)
at AutomationFramework.TestDemo.DemoProject(TestDemo.java:45)
at sun.reflect.NativeMethodAccessorImpl.invoke0(Native Method)
at sun.reflect.NativeMethodAccessorImpl.invoke(Unknown Source)
at sun.reflect.DelegatingMethodAccessorImpl.invoke(Unknown Source)
at java.lang.reflect.Method.invoke(Unknown Source)
at org.testng.internal.MethodInvocationHelper.invokeMethod(MethodInvocationHelper.java:132)
at org.testng.internal.TestInvoker.invokeMethod(TestInvoker.java:599)
at org.testng.internal.TestInvoker.invokeTestMethod(TestInvoker.java:174)
at org.testng.internal.MethodRunner.runInSequence(MethodRunner.java:46)
at org.testng.internal.TestInvoker$MethodInvocationAgent.invoke(TestInvoker.java:822)
at org.testng.internal.TestInvoker.invokeTestMethods(TestInvoker.java:147)
at org.testng.internal.TestMethodWorker.invokeTestMethods(TestMethodWorker.java:146)
at org.testng.internal.TestMethodWorker.run(TestMethodWorker.java:128)
at java.util.ArrayList.forEach(Unknown Source)
at org.testng.TestRunner.privateRun(TestRunner.java:764)
at org.testng.TestRunner.run(TestRunner.java:585)
at org.testng.SuiteRunner.runTest(SuiteRunner.java:384)
at org.testng.SuiteRunner.runSequentially(SuiteRunner.java:378)
at org.testng.SuiteRunner.privateRun(SuiteRunner.java:337)
at org.testng.SuiteRunner.run(SuiteRunner.java:286)
at org.testng.SuiteRunnerWorker.runSuite(SuiteRunnerWorker.java:53)
at org.testng.SuiteRunnerWorker.run(SuiteRunnerWorker.java:96)
at org.testng.TestNG.runSuitesSequentially(TestNG.java:1218)
at org.testng.TestNG.runSuitesLocally(TestNG.java:1140)
at org.testng.TestNG.runSuites(TestNG.java:1069)
at org.testng.TestNG.run(TestNG.java:1037)
at org.testng.remote.AbstractRemoteTestNG.run(AbstractRemoteTestNG.java:115)
at org.testng.remote.RemoteTestNG.initAndRun(RemoteTestNG.java:251)
at org.testng.remote.RemoteTestNG.main(RemoteTestNG.java:77)
]]>
            </full-stacktrace>
          </exception> <!-- org.openqa.selenium.WebDriverException -->
          <reporter-output>
          </reporter-output>
        </test-method> <!-- DemoProject -->
        <test-method status="PASS" signature="ProgramTermination()[pri:0, instance:AutomationFramework.TestDemo@15d0c81b]" name="ProgramTermination" is-config="true" duration-ms="5259" started-at="2021-01-24T18:29:24 IST" finished-at="2021-01-24T18:29:29 IST">
          <reporter-output>
          </reporter-output>
        </test-method> <!-- ProgramTermination -->
        <test-method status="PASS" signature="DemoProject(java.lang.String, java.lang.String)[pri:0, instance:AutomationFramework.TestDemo@15d0c81b]" name="DemoProject" duration-ms="98082" started-at="2021-01-24T18:29:29 IST" data-provider="testdata" finished-at="2021-01-24T18:31:07 IST">
          <params>
            <param index="0">
              <value>
                <![CDATA[example@gmail.com]]>
              </value>
            </param>
            <param index="1">
              <value>
                <![CDATA[example321]]>
              </value>
            </param>
          </params>
          <reporter-output>
          </reporter-output>
        </test-method> <!-- DemoProject -->
        <test-method status="PASS" signature="ProgramTermination()[pri:0, instance:AutomationFramework.TestDemo@15d0c81b]" name="ProgramTermination" is-config="true" duration-ms="590" started-at="2021-01-24T18:31:07 IST" finished-at="2021-01-24T18:31:08 IST">
          <reporter-output>
          </reporter-output>
        </test-method> <!-- ProgramTermination -->
        <test-method status="PASS" signature="DemoProject(java.lang.String, java.lang.String)[pri:0, instance:AutomationFramework.TestDemo@15d0c81b]" name="DemoProject" duration-ms="30836" started-at="2021-01-24T18:31:08 IST" data-provider="testdata" finished-at="2021-01-24T18:31:38 IST">
          <params>
            <param index="0">
              <value>
                <![CDATA[test]]>
              </value>
            </param>
            <param index="1">
              <value>
                <![CDATA[test987]]>
              </value>
            </param>
          </params>
          <reporter-output>
          </reporter-output>
        </test-method> <!-- DemoProject -->
        <test-method status="PASS" signature="ProgramTermination()[pri:0, instance:AutomationFramework.TestDemo@15d0c81b]" name="ProgramTermination" is-config="true" duration-ms="633" started-at="2021-01-24T18:31:38 IST" finished-at="2021-01-24T18:31:39 IST">
          <reporter-output>
          </reporter-output>
        </test-method> <!-- ProgramTermination -->
        <test-method status="PASS" signature="reportTeardown()[pri:0, instance:AutomationFramework.TestDemo@15d0c81b]" name="reportTeardown" is-config="true" duration-ms="3820" started-at="2021-01-24T18:31:41 IST" finished-at="2021-01-24T18:31:45 IST">
          <reporter-output>
          </reporter-output>
        </test-method> <!-- reportTeardown -->
      </class> <!-- AutomationFramework.TestDemo -->
    </test> <!-- Default test -->
  </suite> <!-- Default suite -->
</testng-results>
